Job ID: ac713c1d
Seed: 42
All experiment outputs will be saved in: output/ac713c1d

=== Training started at 2025-05-16 15:15:22 ===

=== Experiment Configuration ===
[DATA_PATH]
/Users/omeremeksiz/Desktop/reinforcement-learning/data/data_v3/10KQuantize.xlsx

[OUTPUT_PATHS]
mc_qvalue_path: output/ac713c1d/mc_qvalue_output.txt
target_state_path: output/ac713c1d/target_state.txt
best_actions_mc_path: output/ac713c1d/best_actions.txt
qvalue_updates_path: output/ac713c1d/qvalue_updates.xlsx
mc_qvalue_html_path: output/ac713c1d/mc_qvalue_output.html
mc_best_actions_html_path: output/ac713c1d/best_actions_output.html
cluster_histogram_path: output/ac713c1d/cluster_histogram.png
qvalue_sate_plot_path: output/ac713c1d/qvalue_vs_state.png
switching_point_trajectory_path: output/ac713c1d/switching_point_trajectory.png
log_file_path: output/ac713c1d/training_process.log

[TRAINING]
seed: 42
initial_q_value: -125.0
learning_rate: 0.01
gamma: 0.99
exploration_probability: 0.5
min_weight: 74
max_weight: 76
overflow_penalty: -50
underflow_penalty: -35

[TARGET_STATE]
weight: 51
action: 1


=== Cluster Information ===
Switching Point     Number of Fillings
-------------------- --------------------
39.0                1
41.0                1
43.0                7
44.0                14
45.0                14
46.0                26
47.0                36
48.0                69
49.0                59
50.0                74
51.0                83
52.0                91
53.0                54
54.0                40
55.0                49
56.0                45
57.0                47
58.0                31
59.0                23
60.0                29
61.0                26
62.0                13
63.0                19
64.0                18
65.0                16
66.0                5
67.0                4
68.0                6
69.0                7
70.0                9
71.0                5
72.0                3
73.0                1
74.0                1
75.0                1

Total Switching Points (Clusters): 35
Total Episodes: 927

Cluster Histogram plot is saved to: output/ac713c1d/cluster_histogram.png

--- Episode 1/927 ---
Experienced Switching Point: 45
Termination Type: Normal
Model-Selected Next Switching Point: 45
Explored Switching Point: 48

--- Episode 2/927 ---
Experienced Switching Point: 48
Termination Type: Normal
Model-Selected Next Switching Point: 48
Explored Switching Point: 51

--- Episode 3/927 ---
Experienced Switching Point: 51
Termination Type: Normal
Model-Selected Next Switching Point: 51
Explored Switching Point: 53

--- Episode 4/927 ---
Experienced Switching Point: 53
Termination Type: Normal
Model-Selected Next Switching Point: 53
Explored Switching Point: 54

--- Episode 5/927 ---
Experienced Switching Point: 54
Termination Type: Normal
Model-Selected Next Switching Point: 54
Explored Switching Point: 55

--- Episode 6/927 ---
Experienced Switching Point: 55
Termination Type: Normal
Model-Selected Next Switching Point: 55
Explored Switching Point: None

--- Episode 7/927 ---
Experienced Switching Point: 55
Termination Type: Normal
Model-Selected Next Switching Point: 55
Explored Switching Point: 57

--- Episode 8/927 ---
Experienced Switching Point: 57
Termination Type: Overflow
Model-Selected Next Switching Point: 56
Explored Switching Point: None

--- Episode 9/927 ---
Experienced Switching Point: 56
Termination Type: Underflow
Model-Selected Next Switching Point: 57
Explored Switching Point: None

--- Episode 10/927 ---
Experienced Switching Point: 57
Termination Type: Overflow
Model-Selected Next Switching Point: 57
Explored Switching Point: 58

--- Episode 11/927 ---
Experienced Switching Point: 58
Termination Type: Normal
Model-Selected Next Switching Point: 57
Explored Switching Point: 58

--- Episode 12/927 ---
Experienced Switching Point: 58
Termination Type: Underflow
Model-Selected Next Switching Point: 58
Explored Switching Point: 60

--- Episode 13/927 ---
Experienced Switching Point: 60
Termination Type: Overflow
Model-Selected Next Switching Point: 57
Explored Switching Point: None

--- Episode 14/927 ---
Experienced Switching Point: 57
Termination Type: Underflow
Model-Selected Next Switching Point: 57
Explored Switching Point: None

--- Episode 15/927 ---
Experienced Switching Point: 57
Termination Type: Underflow
Model-Selected Next Switching Point: 57
Explored Switching Point: 58

--- Episode 16/927 ---
Experienced Switching Point: 58
Termination Type: Underflow
Model-Selected Next Switching Point: 58
Explored Switching Point: None

--- Episode 17/927 ---
Experienced Switching Point: 58
Termination Type: Underflow
Model-Selected Next Switching Point: 58
Explored Switching Point: 59

--- Episode 18/927 ---
Experienced Switching Point: 59
Termination Type: Underflow
Model-Selected Next Switching Point: 58
Explored Switching Point: 59

--- Episode 19/927 ---
Experienced Switching Point: 59
Termination Type: Overflow
Model-Selected Next Switching Point: 58
Explored Switching Point: None

--- Episode 20/927 ---
Experienced Switching Point: 58
Termination Type: Overflow
Model-Selected Next Switching Point: 58
Explored Switching Point: None

--- Episode 21/927 ---
Experienced Switching Point: 58
Termination Type: Normal
Model-Selected Next Switching Point: 58
Explored Switching Point: 61

--- Episode 22/927 ---
Experienced Switching Point: 61
Termination Type: Overflow
Model-Selected Next Switching Point: 57
Explored Switching Point: 59

--- Episode 23/927 ---
Experienced Switching Point: 59
Termination Type: Overflow
Model-Selected Next Switching Point: 57
Explored Switching Point: None

--- Episode 24/927 ---
Experienced Switching Point: 57
Termination Type: Underflow
Model-Selected Next Switching Point: 57
Explored Switching Point: 60

--- Episode 25/927 ---
Experienced Switching Point: 60
Termination Type: Overflow
Model-Selected Next Switching Point: 57
Explored Switching Point: None

--- Episode 26/927 ---
Experienced Switching Point: 57
Termination Type: Overflow
Model-Selected Next Switching Point: 57
Explored Switching Point: 58

--- Episode 27/927 ---
Experienced Switching Point: 58
Termination Type: Underflow
Model-Selected Next Switching Point: 57
Explored Switching Point: None

--- Episode 28/927 ---
Experienced Switching Point: 57
Termination Type: Overflow
Model-Selected Next Switching Point: 58
Explored Switching Point: None

--- Episode 29/927 ---
Experienced Switching Point: 58
Termination Type: Overflow
Model-Selected Next Switching Point: 57
Explored Switching Point: 58

--- Episode 30/927 ---
Experienced Switching Point: 58
Termination Type: Overflow
Model-Selected Next Switching Point: 57
Explored Switching Point: 58

--- Episode 31/927 ---
Experienced Switching Point: 58
Termination Type: Underflow
Model-Selected Next Switching Point: 58
Explored Switching Point: None

--- Episode 32/927 ---
Experienced Switching Point: 58
Termination Type: Overflow
Model-Selected Next Switching Point: 57
Explored Switching Point: 59

--- Episode 33/927 ---
Experienced Switching Point: 59
Termination Type: Normal
Model-Selected Next Switching Point: 58
Explored Switching Point: 59

--- Episode 34/927 ---
Experienced Switching Point: 59
Termination Type: Overflow
Model-Selected Next Switching Point: 58
Explored Switching Point: None

--- Episode 35/927 ---
Experienced Switching Point: 58
Termination Type: Normal
Model-Selected Next Switching Point: 58
Explored Switching Point: 60

--- Episode 36/927 ---
Experienced Switching Point: 60
Termination Type: Normal
Model-Selected Next Switching Point: 58
Explored Switching Point: 63

--- Episode 37/927 ---
Experienced Switching Point: 63
Termination Type: Overflow
Model-Selected Next Switching Point: 58
Explored Switching Point: 61

--- Episode 38/927 ---
Experienced Switching Point: 61
Termination Type: Overflow
Model-Selected Next Switching Point: 58
Explored Switching Point: 59

--- Episode 39/927 ---
Experienced Switching Point: 59
Termination Type: Normal
Model-Selected Next Switching Point: 58
Explored Switching Point: None

--- Episode 40/927 ---
Experienced Switching Point: 58
Termination Type: Overflow
Model-Selected Next Switching Point: 58
Explored Switching Point: 63

--- Episode 41/927 ---
Experienced Switching Point: 63
Termination Type: Overflow
Model-Selected Next Switching Point: 58
Explored Switching Point: 60

--- Episode 42/927 ---
Experienced Switching Point: 60
Termination Type: Overflow
Model-Selected Next Switching Point: 58
Explored Switching Point: None

--- Episode 43/927 ---
Experienced Switching Point: 58
Termination Type: Normal
Model-Selected Next Switching Point: 58
Explored Switching Point: None

--- Episode 44/927 ---
Experienced Switching Point: 58
Termination Type: Overflow
Model-Selected Next Switching Point: 58
Explored Switching Point: None

--- Episode 45/927 ---
Experienced Switching Point: 58
Termination Type: Underflow
Model-Selected Next Switching Point: 58
Explored Switching Point: 60

--- Episode 46/927 ---
Experienced Switching Point: 60
Termination Type: Overflow
Model-Selected Next Switching Point: 58
Explored Switching Point: 61

--- Episode 47/927 ---
Experienced Switching Point: 61
Termination Type: Overflow
Model-Selected Next Switching Point: 58
Explored Switching Point: 60

--- Episode 48/927 ---
Experienced Switching Point: 60
Termination Type: Overflow
Model-Selected Next Switching Point: 58
Explored Switching Point: None

--- Episode 49/927 ---
Experienced Switching Point: 58
Termination Type: Normal
Model-Selected Next Switching Point: 58
Explored Switching Point: None

--- Episode 50/927 ---
Experienced Switching Point: 58
Termination Type: Overflow
Model-Selected Next Switching Point: 58
Explored Switching Point: None

--- Episode 51/927 ---
Experienced Switching Point: 58
Termination Type: Underflow
Model-Selected Next Switching Point: 58
Explored Switching Point: None

--- Episode 52/927 ---
Experienced Switching Point: 58
Termination Type: Normal
Model-Selected Next Switching Point: 58
Explored Switching Point: 59

--- Episode 53/927 ---
Experienced Switching Point: 59
Termination Type: Overflow
Model-Selected Next Switching Point: 58
Explored Switching Point: None

--- Episode 54/927 ---
Experienced Switching Point: 58
Termination Type: Underflow
Model-Selected Next Switching Point: 58
Explored Switching Point: 59

--- Episode 55/927 ---
Experienced Switching Point: 59
Termination Type: Normal
Model-Selected Next Switching Point: 58
Explored Switching Point: None

--- Episode 56/927 ---
Experienced Switching Point: 58
Termination Type: Overflow
Model-Selected Next Switching Point: 58
Explored Switching Point: 59

--- Episode 57/927 ---
Experienced Switching Point: 59
Termination Type: Overflow
Model-Selected Next Switching Point: 58
Explored Switching Point: None

--- Episode 58/927 ---
Experienced Switching Point: 58
Termination Type: Underflow
Model-Selected Next Switching Point: 58
Explored Switching Point: None

--- Episode 59/927 ---
Experienced Switching Point: 58
Termination Type: Underflow
Model-Selected Next Switching Point: 58
Explored Switching Point: None

--- Episode 60/927 ---
Experienced Switching Point: 58
Termination Type: Underflow
Model-Selected Next Switching Point: 58
Explored Switching Point: None

--- Episode 61/927 ---
Experienced Switching Point: 58
Termination Type: Overflow
Model-Selected Next Switching Point: 58
Explored Switching Point: None

--- Episode 62/927 ---
Experienced Switching Point: 58
Termination Type: Normal
Model-Selected Next Switching Point: 58
Explored Switching Point: 60

--- Episode 63/927 ---
Experienced Switching Point: 60
Termination Type: Underflow
Model-Selected Next Switching Point: 58
Explored Switching Point: 59

--- Episode 64/927 ---
Experienced Switching Point: 59
Termination Type: Overflow
Model-Selected Next Switching Point: 58
Explored Switching Point: None

--- Episode 65/927 ---
Experienced Switching Point: 58
Termination Type: Overflow
Model-Selected Next Switching Point: 58
Explored Switching Point: None

--- Episode 66/927 ---
Experienced Switching Point: 58
Termination Type: Normal
Model-Selected Next Switching Point: 58
Explored Switching Point: None

--- Episode 67/927 ---
Experienced Switching Point: 58
Termination Type: Normal
Model-Selected Next Switching Point: 58
Explored Switching Point: 60

--- Episode 68/927 ---
Experienced Switching Point: 60
Termination Type: Normal
Model-Selected Next Switching Point: 58
Explored Switching Point: 59

--- Episode 69/927 ---
Experienced Switching Point: 59
Termination Type: Overflow
Model-Selected Next Switching Point: 58
Explored Switching Point: None

--- Episode 70/927 ---
Experienced Switching Point: 58
Termination Type: Overflow
Model-Selected Next Switching Point: 58
Explored Switching Point: None

--- Episode 71/927 ---
No available filling found for current switching point 58.
No alternative switching point found. Training is terminated.

Final Q-values written to: output/ac713c1d/mc_qvalue_output.txt
Target state Q-values written to: output/ac713c1d/target_state.txt
Best actions written to: output/ac713c1d/best_actions.txt
Q-value updates written to Excel at: output/ac713c1d/qvalue_updates.xlsx
Q-Value vs State plot is saved to: output/ac713c1d/qvalue_vs_state.png
Switching point trajectory_path plot is saved to: output/ac713c1d/switching_point_trajectory.png
HTML feature disabled.

=== Training finished at 2025-05-16 15:15:26 ===
