Job ID: 4a898446
Seed: 42
All experiment outputs will be saved in: output/4a898446

=== Training started at 2025-05-16 15:10:07 ===

=== Experiment Configuration ===
[DATA_PATH]
/Users/omeremeksiz/Desktop/reinforcement-learning/data/data_v3/10KQuantize.xlsx

[OUTPUT_PATHS]
mc_qvalue_path: output/4a898446/mc_qvalue_output.txt
target_state_path: output/4a898446/target_state.txt
best_actions_mc_path: output/4a898446/best_actions.txt
qvalue_updates_path: output/4a898446/qvalue_updates.xlsx
mc_qvalue_html_path: output/4a898446/mc_qvalue_output.html
mc_best_actions_html_path: output/4a898446/best_actions_output.html
cluster_histogram_path: output/4a898446/cluster_histogram.png
qvalue_sate_plot_path: output/4a898446/qvalue_vs_state.png
switching_point_trajectory_path: output/4a898446/switching_point_trajectory.png
log_file_path: output/4a898446/training_process.log

[TRAINING]
seed: 42
initial_q_value: -125.0
learning_rate: 0.01
gamma: 0.99
exploration_probability: 0.5
min_weight: 74
max_weight: 76
overflow_penalty: -50
underflow_penalty: -35

[TARGET_STATE]
weight: 51
action: 1


=== Cluster Information ===
Switching Point     Number of Fillings
-------------------- --------------------
39.0                1
41.0                1
43.0                7
44.0                14
45.0                14
46.0                26
47.0                36
48.0                69
49.0                59
50.0                74
51.0                83
52.0                91
53.0                54
54.0                40
55.0                49
56.0                45
57.0                47
58.0                31
59.0                23
60.0                29
61.0                26
62.0                13
63.0                19
64.0                18
65.0                16
66.0                5
67.0                4
68.0                6
69.0                7
70.0                9
71.0                5
72.0                3
73.0                1
74.0                1
75.0                1

Total Switching Points (Clusters): 35
Total Episodes: 927

Cluster Histogram plot is saved to: output/4a898446/cluster_histogram.png

--- Episode 1/927 ---
Experienced Switching Point: 45
Termination Type: Normal
Model-Selected Next Switching Point: 45
Explored Switching Point: 48

--- Episode 2/927 ---
Experienced Switching Point: 48
Termination Type: Normal
Model-Selected Next Switching Point: 48
Explored Switching Point: 51

--- Episode 3/927 ---
Experienced Switching Point: 51
Termination Type: Normal
Model-Selected Next Switching Point: 51
Explored Switching Point: 53

--- Episode 4/927 ---
Experienced Switching Point: 53
Termination Type: Normal
Model-Selected Next Switching Point: 53
Explored Switching Point: 54

--- Episode 5/927 ---
Experienced Switching Point: 54
Termination Type: Normal
Model-Selected Next Switching Point: 54
Explored Switching Point: 55

--- Episode 6/927 ---
Experienced Switching Point: 55
Termination Type: Normal
Model-Selected Next Switching Point: 55
Explored Switching Point: None

--- Episode 7/927 ---
Experienced Switching Point: 55
Termination Type: Normal
Model-Selected Next Switching Point: 55
Explored Switching Point: 57

--- Episode 8/927 ---
Experienced Switching Point: 57
Termination Type: Overflow
Model-Selected Next Switching Point: 56
Explored Switching Point: None

--- Episode 9/927 ---
Experienced Switching Point: 56
Termination Type: Underflow
Model-Selected Next Switching Point: 57
Explored Switching Point: None

--- Episode 10/927 ---
Experienced Switching Point: 57
Termination Type: Overflow
Model-Selected Next Switching Point: 57
Explored Switching Point: 58

--- Episode 11/927 ---
Experienced Switching Point: 58
Termination Type: Normal
Model-Selected Next Switching Point: 57
Explored Switching Point: 59

--- Episode 12/927 ---
Experienced Switching Point: 59
Termination Type: Normal
Model-Selected Next Switching Point: 59
Explored Switching Point: 61

--- Episode 13/927 ---
Experienced Switching Point: 61
Termination Type: Normal
Model-Selected Next Switching Point: 61
Explored Switching Point: None

--- Episode 14/927 ---
Experienced Switching Point: 61
Termination Type: Overflow
Model-Selected Next Switching Point: 60
Explored Switching Point: 62

--- Episode 15/927 ---
Experienced Switching Point: 62
Termination Type: Overflow
Model-Selected Next Switching Point: 62
Explored Switching Point: 63

--- Episode 16/927 ---
Experienced Switching Point: 63
Termination Type: Overflow
Model-Selected Next Switching Point: 58
Explored Switching Point: None

--- Episode 17/927 ---
Experienced Switching Point: 58
Termination Type: Underflow
Model-Selected Next Switching Point: 58
Explored Switching Point: 61

--- Episode 18/927 ---
Experienced Switching Point: 61
Termination Type: Normal
Model-Selected Next Switching Point: 58
Explored Switching Point: None

--- Episode 19/927 ---
Experienced Switching Point: 58
Termination Type: Normal
Model-Selected Next Switching Point: 58
Explored Switching Point: 59

--- Episode 20/927 ---
Experienced Switching Point: 59
Termination Type: Overflow
Model-Selected Next Switching Point: 58
Explored Switching Point: 63

--- Episode 21/927 ---
Experienced Switching Point: 63
Termination Type: Overflow
Model-Selected Next Switching Point: 58
Explored Switching Point: 64

--- Episode 22/927 ---
Experienced Switching Point: 64
Termination Type: Overflow
Model-Selected Next Switching Point: 58
Explored Switching Point: None

--- Episode 23/927 ---
Experienced Switching Point: 58
Termination Type: Underflow
Model-Selected Next Switching Point: 58
Explored Switching Point: None

--- Episode 24/927 ---
Experienced Switching Point: 58
Termination Type: Underflow
Model-Selected Next Switching Point: 58
Explored Switching Point: None

--- Episode 25/927 ---
Experienced Switching Point: 58
Termination Type: Normal
Model-Selected Next Switching Point: 58
Explored Switching Point: None

--- Episode 26/927 ---
Experienced Switching Point: 58
Termination Type: Normal
Model-Selected Next Switching Point: 58
Explored Switching Point: 59

--- Episode 27/927 ---
Experienced Switching Point: 59
Termination Type: Overflow
Model-Selected Next Switching Point: 58
Explored Switching Point: None

--- Episode 28/927 ---
Experienced Switching Point: 58
Termination Type: Overflow
Model-Selected Next Switching Point: 58
Explored Switching Point: None

--- Episode 29/927 ---
Experienced Switching Point: 58
Termination Type: Overflow
Model-Selected Next Switching Point: 58
Explored Switching Point: 59

--- Episode 30/927 ---
Experienced Switching Point: 59
Termination Type: Overflow
Model-Selected Next Switching Point: 58
Explored Switching Point: 60

--- Episode 31/927 ---
Experienced Switching Point: 60
Termination Type: Overflow
Model-Selected Next Switching Point: 58
Explored Switching Point: None

--- Episode 32/927 ---
Experienced Switching Point: 58
Termination Type: Overflow
Model-Selected Next Switching Point: 58
Explored Switching Point: 60

--- Episode 33/927 ---
Experienced Switching Point: 60
Termination Type: Overflow
Model-Selected Next Switching Point: 58
Explored Switching Point: 61

--- Episode 34/927 ---
Experienced Switching Point: 61
Termination Type: Normal
Model-Selected Next Switching Point: 58
Explored Switching Point: None

--- Episode 35/927 ---
Experienced Switching Point: 58
Termination Type: Underflow
Model-Selected Next Switching Point: 58
Explored Switching Point: 60

--- Episode 36/927 ---
Experienced Switching Point: 60
Termination Type: Overflow
Model-Selected Next Switching Point: 58
Explored Switching Point: 61

--- Episode 37/927 ---
Experienced Switching Point: 61
Termination Type: Overflow
Model-Selected Next Switching Point: 58
Explored Switching Point: None

--- Episode 38/927 ---
Experienced Switching Point: 58
Termination Type: Underflow
Model-Selected Next Switching Point: 58
Explored Switching Point: None

--- Episode 39/927 ---
Experienced Switching Point: 58
Termination Type: Normal
Model-Selected Next Switching Point: 58
Explored Switching Point: 59

--- Episode 40/927 ---
Experienced Switching Point: 59
Termination Type: Normal
Model-Selected Next Switching Point: 58
Explored Switching Point: None

--- Episode 41/927 ---
Experienced Switching Point: 58
Termination Type: Underflow
Model-Selected Next Switching Point: 58
Explored Switching Point: 63

--- Episode 42/927 ---
Experienced Switching Point: 63
Termination Type: Overflow
Model-Selected Next Switching Point: 58
Explored Switching Point: 65

--- Episode 43/927 ---
Experienced Switching Point: 65
Termination Type: Overflow
Model-Selected Next Switching Point: 58
Explored Switching Point: None

--- Episode 44/927 ---
Experienced Switching Point: 58
Termination Type: Underflow
Model-Selected Next Switching Point: 58
Explored Switching Point: None

--- Episode 45/927 ---
Experienced Switching Point: 58
Termination Type: Overflow
Model-Selected Next Switching Point: 58
Explored Switching Point: None

--- Episode 46/927 ---
Experienced Switching Point: 58
Termination Type: Overflow
Model-Selected Next Switching Point: 58
Explored Switching Point: 60

--- Episode 47/927 ---
Experienced Switching Point: 60
Termination Type: Overflow
Model-Selected Next Switching Point: 58
Explored Switching Point: 63

--- Episode 48/927 ---
Experienced Switching Point: 63
Termination Type: Overflow
Model-Selected Next Switching Point: 58
Explored Switching Point: None

--- Episode 49/927 ---
Experienced Switching Point: 58
Termination Type: Normal
Model-Selected Next Switching Point: 58
Explored Switching Point: 62

--- Episode 50/927 ---
Experienced Switching Point: 62
Termination Type: Overflow
Model-Selected Next Switching Point: 58
Explored Switching Point: 65

--- Episode 51/927 ---
Experienced Switching Point: 65
Termination Type: Overflow
Model-Selected Next Switching Point: 58
Explored Switching Point: 67

--- Episode 52/927 ---
Experienced Switching Point: 67
Termination Type: Overflow
Model-Selected Next Switching Point: 58
Explored Switching Point: None

--- Episode 53/927 ---
Experienced Switching Point: 58
Termination Type: Underflow
Model-Selected Next Switching Point: 58
Explored Switching Point: None

--- Episode 54/927 ---
Experienced Switching Point: 58
Termination Type: Overflow
Model-Selected Next Switching Point: 57
Explored Switching Point: None

--- Episode 55/927 ---
Experienced Switching Point: 57
Termination Type: Normal
Model-Selected Next Switching Point: 57
Explored Switching Point: 61

--- Episode 56/927 ---
Experienced Switching Point: 61
Termination Type: Overflow
Model-Selected Next Switching Point: 51
Explored Switching Point: 62

--- Episode 57/927 ---
Experienced Switching Point: 62
Termination Type: Normal
Model-Selected Next Switching Point: 57
Explored Switching Point: None

--- Episode 58/927 ---
Experienced Switching Point: 57
Termination Type: Normal
Model-Selected Next Switching Point: 57
Explored Switching Point: None

--- Episode 59/927 ---
Experienced Switching Point: 57
Termination Type: Normal
Model-Selected Next Switching Point: 57
Explored Switching Point: None

--- Episode 60/927 ---
Experienced Switching Point: 57
Termination Type: Normal
Model-Selected Next Switching Point: 57
Explored Switching Point: None

--- Episode 61/927 ---
Experienced Switching Point: 57
Termination Type: Overflow
Model-Selected Next Switching Point: 57
Explored Switching Point: None

--- Episode 62/927 ---
Experienced Switching Point: 57
Termination Type: Underflow
Model-Selected Next Switching Point: 57
Explored Switching Point: 59

--- Episode 63/927 ---
Experienced Switching Point: 59
Termination Type: Normal
Model-Selected Next Switching Point: 57
Explored Switching Point: None

--- Episode 64/927 ---
Experienced Switching Point: 57
Termination Type: Underflow
Model-Selected Next Switching Point: 57
Explored Switching Point: None

--- Episode 65/927 ---
Experienced Switching Point: 57
Termination Type: Overflow
Model-Selected Next Switching Point: 57
Explored Switching Point: None

--- Episode 66/927 ---
Experienced Switching Point: 57
Termination Type: Underflow
Model-Selected Next Switching Point: 57
Explored Switching Point: None

--- Episode 67/927 ---
Experienced Switching Point: 57
Termination Type: Normal
Model-Selected Next Switching Point: 57
Explored Switching Point: 59

--- Episode 68/927 ---
Experienced Switching Point: 59
Termination Type: Underflow
Model-Selected Next Switching Point: 58
Explored Switching Point: 60

--- Episode 69/927 ---
Experienced Switching Point: 60
Termination Type: Overflow
Model-Selected Next Switching Point: 57
Explored Switching Point: None

--- Episode 70/927 ---
Experienced Switching Point: 57
Termination Type: Normal
Model-Selected Next Switching Point: 57
Explored Switching Point: None

--- Episode 71/927 ---
Experienced Switching Point: 57
Termination Type: Normal
Model-Selected Next Switching Point: 57
Explored Switching Point: 60

--- Episode 72/927 ---
Experienced Switching Point: 60
Termination Type: Overflow
Model-Selected Next Switching Point: 57
Explored Switching Point: 61

--- Episode 73/927 ---
Experienced Switching Point: 61
Termination Type: Overflow
Model-Selected Next Switching Point: 57
Explored Switching Point: 62

--- Episode 74/927 ---
Experienced Switching Point: 62
Termination Type: Overflow
Model-Selected Next Switching Point: 57
Explored Switching Point: 63

--- Episode 75/927 ---
Experienced Switching Point: 63
Termination Type: Overflow
Model-Selected Next Switching Point: 57
Explored Switching Point: None

--- Episode 76/927 ---
Experienced Switching Point: 57
Termination Type: Normal
Model-Selected Next Switching Point: 57
Explored Switching Point: 59

--- Episode 77/927 ---
Experienced Switching Point: 59
Termination Type: Normal
Model-Selected Next Switching Point: 57
Explored Switching Point: 60

--- Episode 78/927 ---
Experienced Switching Point: 60
Termination Type: Overflow
Model-Selected Next Switching Point: 57
Explored Switching Point: 62

--- Episode 79/927 ---
Experienced Switching Point: 62
Termination Type: Overflow
Model-Selected Next Switching Point: 57
Explored Switching Point: None

--- Episode 80/927 ---
Experienced Switching Point: 57
Termination Type: Normal
Model-Selected Next Switching Point: 57
Explored Switching Point: 60

--- Episode 81/927 ---
Experienced Switching Point: 60
Termination Type: Normal
Model-Selected Next Switching Point: 58
Explored Switching Point: 61

--- Episode 82/927 ---
Experienced Switching Point: 61
Termination Type: Underflow
Model-Selected Next Switching Point: 58
Explored Switching Point: 62

--- Episode 83/927 ---
Experienced Switching Point: 62
Termination Type: Normal
Model-Selected Next Switching Point: 58
Explored Switching Point: 66

--- Episode 84/927 ---
Experienced Switching Point: 66
Termination Type: Overflow
Model-Selected Next Switching Point: 58
Explored Switching Point: None

--- Episode 85/927 ---
Experienced Switching Point: 58
Termination Type: Normal
Model-Selected Next Switching Point: 58
Explored Switching Point: 61

--- Episode 86/927 ---
Experienced Switching Point: 61
Termination Type: Overflow
Model-Selected Next Switching Point: 58
Explored Switching Point: None

--- Episode 87/927 ---
Experienced Switching Point: 58
Termination Type: Underflow
Model-Selected Next Switching Point: 58
Explored Switching Point: None

--- Episode 88/927 ---
Experienced Switching Point: 58
Termination Type: Overflow
Model-Selected Next Switching Point: 58
Explored Switching Point: 60

--- Episode 89/927 ---
Experienced Switching Point: 60
Termination Type: Normal
Model-Selected Next Switching Point: 58
Explored Switching Point: None

--- Episode 90/927 ---
Experienced Switching Point: 58
Termination Type: Normal
Model-Selected Next Switching Point: 58
Explored Switching Point: 59

--- Episode 91/927 ---
Experienced Switching Point: 59
Termination Type: Normal
Model-Selected Next Switching Point: 58
Explored Switching Point: 62

--- Episode 92/927 ---
Experienced Switching Point: 62
Termination Type: Overflow
Model-Selected Next Switching Point: 58
Explored Switching Point: 65

--- Episode 93/927 ---
Experienced Switching Point: 65
Termination Type: Overflow
Model-Selected Next Switching Point: 58
Explored Switching Point: None

--- Episode 94/927 ---
Experienced Switching Point: 58
Termination Type: Overflow
Model-Selected Next Switching Point: 58
Explored Switching Point: None

--- Episode 95/927 ---
Experienced Switching Point: 58
Termination Type: Overflow
Model-Selected Next Switching Point: 58
Explored Switching Point: 59

--- Episode 96/927 ---
Experienced Switching Point: 59
Termination Type: Overflow
Model-Selected Next Switching Point: 58
Explored Switching Point: None

--- Episode 97/927 ---
Experienced Switching Point: 58
Termination Type: Underflow
Model-Selected Next Switching Point: 58
Explored Switching Point: 59

--- Episode 98/927 ---
Experienced Switching Point: 59
Termination Type: Overflow
Model-Selected Next Switching Point: 58
Explored Switching Point: None

--- Episode 99/927 ---
Experienced Switching Point: 58
Termination Type: Overflow
Model-Selected Next Switching Point: 58
Explored Switching Point: 60

--- Episode 100/927 ---
Experienced Switching Point: 60
Termination Type: Overflow
Model-Selected Next Switching Point: 58
Explored Switching Point: 61

--- Episode 101/927 ---
Experienced Switching Point: 61
Termination Type: Overflow
Model-Selected Next Switching Point: 57
Explored Switching Point: 66

--- Episode 102/927 ---
Experienced Switching Point: 66
Termination Type: Overflow
Model-Selected Next Switching Point: 57
Explored Switching Point: None

--- Episode 103/927 ---
Experienced Switching Point: 57
Termination Type: Underflow
Model-Selected Next Switching Point: 57
Explored Switching Point: None

--- Episode 104/927 ---
Experienced Switching Point: 57
Termination Type: Normal
Model-Selected Next Switching Point: 57
Explored Switching Point: None

--- Episode 105/927 ---
Experienced Switching Point: 57
Termination Type: Underflow
Model-Selected Next Switching Point: 57
Explored Switching Point: None

--- Episode 106/927 ---
Experienced Switching Point: 57
Termination Type: Overflow
Model-Selected Next Switching Point: 57
Explored Switching Point: 60

--- Episode 107/927 ---
Experienced Switching Point: 60
Termination Type: Normal
Model-Selected Next Switching Point: 58
Explored Switching Point: 61

--- Episode 108/927 ---
Experienced Switching Point: 61
Termination Type: Normal
Model-Selected Next Switching Point: 58
Explored Switching Point: 65

--- Episode 109/927 ---
Experienced Switching Point: 65
Termination Type: Overflow
Model-Selected Next Switching Point: 58
Explored Switching Point: 68

--- Episode 110/927 ---
Experienced Switching Point: 68
Termination Type: Overflow
Model-Selected Next Switching Point: 57
Explored Switching Point: None

--- Episode 111/927 ---
Experienced Switching Point: 57
Termination Type: Normal
Model-Selected Next Switching Point: 57
Explored Switching Point: None

--- Episode 112/927 ---
Experienced Switching Point: 57
Termination Type: Normal
Model-Selected Next Switching Point: 57
Explored Switching Point: 61

--- Episode 113/927 ---
Experienced Switching Point: 61
Termination Type: Overflow
Model-Selected Next Switching Point: 57
Explored Switching Point: 62

--- Episode 114/927 ---
Experienced Switching Point: 62
Termination Type: Overflow
Model-Selected Next Switching Point: 57
Explored Switching Point: 66

--- Episode 115/927 ---
Experienced Switching Point: 66
Termination Type: Overflow
Model-Selected Next Switching Point: 57
Explored Switching Point: 71

--- Episode 116/927 ---
Experienced Switching Point: 71
Termination Type: Overflow
Model-Selected Next Switching Point: 56
Explored Switching Point: 75

--- Episode 117/927 ---
Experienced Switching Point: 75
Termination Type: Overflow
Model-Selected Next Switching Point: 46
Explored Switching Point: None

--- Episode 118/927 ---
Experienced Switching Point: 46
Termination Type: Normal
Model-Selected Next Switching Point: 46
Explored Switching Point: None

--- Episode 119/927 ---
Experienced Switching Point: 46
Termination Type: Normal
Model-Selected Next Switching Point: 46
Explored Switching Point: 50

--- Episode 120/927 ---
Experienced Switching Point: 50
Termination Type: Underflow
Model-Selected Next Switching Point: 46
Explored Switching Point: 51

--- Episode 121/927 ---
Experienced Switching Point: 51
Termination Type: Normal
Model-Selected Next Switching Point: 48
Explored Switching Point: None

--- Episode 122/927 ---
Experienced Switching Point: 48
Termination Type: Normal
Model-Selected Next Switching Point: 48
Explored Switching Point: None

--- Episode 123/927 ---
Experienced Switching Point: 48
Termination Type: Underflow
Model-Selected Next Switching Point: 48
Explored Switching Point: None

--- Episode 124/927 ---
Experienced Switching Point: 48
Termination Type: Normal
Model-Selected Next Switching Point: 48
Explored Switching Point: None

--- Episode 125/927 ---
Experienced Switching Point: 48
Termination Type: Normal
Model-Selected Next Switching Point: 48
Explored Switching Point: 50

--- Episode 126/927 ---
Experienced Switching Point: 50
Termination Type: Normal
Model-Selected Next Switching Point: 48
Explored Switching Point: 52

--- Episode 127/927 ---
Experienced Switching Point: 52
Termination Type: Normal
Model-Selected Next Switching Point: 48
Explored Switching Point: None

--- Episode 128/927 ---
Experienced Switching Point: 48
Termination Type: Normal
Model-Selected Next Switching Point: 50
Explored Switching Point: 50

--- Episode 129/927 ---
Experienced Switching Point: 50
Termination Type: Normal
Model-Selected Next Switching Point: 50
Explored Switching Point: None

--- Episode 130/927 ---
Experienced Switching Point: 50
Termination Type: Normal
Model-Selected Next Switching Point: 50
Explored Switching Point: 54

--- Episode 131/927 ---
Experienced Switching Point: 54
Termination Type: Normal
Model-Selected Next Switching Point: 50
Explored Switching Point: None

--- Episode 132/927 ---
Experienced Switching Point: 50
Termination Type: Normal
Model-Selected Next Switching Point: 51
Explored Switching Point: None

--- Episode 133/927 ---
Experienced Switching Point: 51
Termination Type: Underflow
Model-Selected Next Switching Point: 51
Explored Switching Point: 52

--- Episode 134/927 ---
Experienced Switching Point: 52
Termination Type: Normal
Model-Selected Next Switching Point: 51
Explored Switching Point: None

--- Episode 135/927 ---
Experienced Switching Point: 51
Termination Type: Normal
Model-Selected Next Switching Point: 51
Explored Switching Point: None

--- Episode 136/927 ---
Experienced Switching Point: 51
Termination Type: Normal
Model-Selected Next Switching Point: 51
Explored Switching Point: None

--- Episode 137/927 ---
Experienced Switching Point: 51
Termination Type: Normal
Model-Selected Next Switching Point: 51
Explored Switching Point: 53

--- Episode 138/927 ---
Experienced Switching Point: 53
Termination Type: Underflow
Model-Selected Next Switching Point: 51
Explored Switching Point: None

--- Episode 139/927 ---
Experienced Switching Point: 51
Termination Type: Normal
Model-Selected Next Switching Point: 51
Explored Switching Point: None

--- Episode 140/927 ---
Experienced Switching Point: 51
Termination Type: Normal
Model-Selected Next Switching Point: 51
Explored Switching Point: None

--- Episode 141/927 ---
Experienced Switching Point: 51
Termination Type: Normal
Model-Selected Next Switching Point: 51
Explored Switching Point: None

--- Episode 142/927 ---
Experienced Switching Point: 51
Termination Type: Normal
Model-Selected Next Switching Point: 51
Explored Switching Point: 55

--- Episode 143/927 ---
Experienced Switching Point: 55
Termination Type: Normal
Model-Selected Next Switching Point: 51
Explored Switching Point: None

--- Episode 144/927 ---
Experienced Switching Point: 51
Termination Type: Normal
Model-Selected Next Switching Point: 51
Explored Switching Point: 54

--- Episode 145/927 ---
Experienced Switching Point: 54
Termination Type: Underflow
Model-Selected Next Switching Point: 51
Explored Switching Point: 55

--- Episode 146/927 ---
Experienced Switching Point: 55
Termination Type: Underflow
Model-Selected Next Switching Point: 51
Explored Switching Point: 59

--- Episode 147/927 ---
Experienced Switching Point: 59
Termination Type: Normal
Model-Selected Next Switching Point: 51
Explored Switching Point: 63

--- Episode 148/927 ---
Experienced Switching Point: 63
Termination Type: Overflow
Model-Selected Next Switching Point: 51
Explored Switching Point: 64

--- Episode 149/927 ---
Experienced Switching Point: 64
Termination Type: Overflow
Model-Selected Next Switching Point: 51
Explored Switching Point: 65

--- Episode 150/927 ---
Experienced Switching Point: 65
Termination Type: Overflow
Model-Selected Next Switching Point: 51
Explored Switching Point: None

--- Episode 151/927 ---
Experienced Switching Point: 51
Termination Type: Normal
Model-Selected Next Switching Point: 51
Explored Switching Point: 53

--- Episode 152/927 ---
Experienced Switching Point: 53
Termination Type: Normal
Model-Selected Next Switching Point: 51
Explored Switching Point: None

--- Episode 153/927 ---
Experienced Switching Point: 51
Termination Type: Normal
Model-Selected Next Switching Point: 51
Explored Switching Point: 52

--- Episode 154/927 ---
Experienced Switching Point: 52
Termination Type: Normal
Model-Selected Next Switching Point: 51
Explored Switching Point: 57

--- Episode 155/927 ---
Experienced Switching Point: 57
Termination Type: Normal
Model-Selected Next Switching Point: 51
Explored Switching Point: 59

--- Episode 156/927 ---
Experienced Switching Point: 59
Termination Type: Overflow
Model-Selected Next Switching Point: 51
Explored Switching Point: None

--- Episode 157/927 ---
Experienced Switching Point: 51
Termination Type: Normal
Model-Selected Next Switching Point: 51
Explored Switching Point: 56

--- Episode 158/927 ---
Experienced Switching Point: 56
Termination Type: Normal
Model-Selected Next Switching Point: 51
Explored Switching Point: 58

--- Episode 159/927 ---
Experienced Switching Point: 58
Termination Type: Normal
Model-Selected Next Switching Point: 51
Explored Switching Point: 60

--- Episode 160/927 ---
Experienced Switching Point: 60
Termination Type: Overflow
Model-Selected Next Switching Point: 51
Explored Switching Point: None

--- Episode 161/927 ---
Experienced Switching Point: 51
Termination Type: Normal
Model-Selected Next Switching Point: 51
Explored Switching Point: None

--- Episode 162/927 ---
Experienced Switching Point: 51
Termination Type: Normal
Model-Selected Next Switching Point: 51
Explored Switching Point: 52

--- Episode 163/927 ---
Experienced Switching Point: 52
Termination Type: Normal
Model-Selected Next Switching Point: 51
Explored Switching Point: None

--- Episode 164/927 ---
Experienced Switching Point: 51
Termination Type: Overflow
Model-Selected Next Switching Point: 51
Explored Switching Point: None

--- Episode 165/927 ---
Experienced Switching Point: 51
Termination Type: Underflow
Model-Selected Next Switching Point: 51
Explored Switching Point: None

--- Episode 166/927 ---
Experienced Switching Point: 51
Termination Type: Normal
Model-Selected Next Switching Point: 51
Explored Switching Point: None

--- Episode 167/927 ---
Experienced Switching Point: 51
Termination Type: Normal
Model-Selected Next Switching Point: 51
Explored Switching Point: 54

--- Episode 168/927 ---
Experienced Switching Point: 54
Termination Type: Normal
Model-Selected Next Switching Point: 51
Explored Switching Point: 56

--- Episode 169/927 ---
Experienced Switching Point: 56
Termination Type: Normal
Model-Selected Next Switching Point: 51
Explored Switching Point: None

--- Episode 170/927 ---
Experienced Switching Point: 51
Termination Type: Normal
Model-Selected Next Switching Point: 51
Explored Switching Point: 53

--- Episode 171/927 ---
Experienced Switching Point: 53
Termination Type: Normal
Model-Selected Next Switching Point: 52
Explored Switching Point: None

--- Episode 172/927 ---
Experienced Switching Point: 52
Termination Type: Underflow
Model-Selected Next Switching Point: 52
Explored Switching Point: 53

--- Episode 173/927 ---
Experienced Switching Point: 53
Termination Type: Normal
Model-Selected Next Switching Point: 52
Explored Switching Point: None

--- Episode 174/927 ---
Experienced Switching Point: 52
Termination Type: Normal
Model-Selected Next Switching Point: 52
Explored Switching Point: 54

--- Episode 175/927 ---
Experienced Switching Point: 54
Termination Type: Overflow
Model-Selected Next Switching Point: 52
Explored Switching Point: None

--- Episode 176/927 ---
Experienced Switching Point: 52
Termination Type: Underflow
Model-Selected Next Switching Point: 52
Explored Switching Point: None

--- Episode 177/927 ---
Experienced Switching Point: 52
Termination Type: Normal
Model-Selected Next Switching Point: 52
Explored Switching Point: None

--- Episode 178/927 ---
Experienced Switching Point: 52
Termination Type: Normal
Model-Selected Next Switching Point: 52
Explored Switching Point: None

--- Episode 179/927 ---
Experienced Switching Point: 52
Termination Type: Normal
Model-Selected Next Switching Point: 52
Explored Switching Point: None

--- Episode 180/927 ---
Experienced Switching Point: 52
Termination Type: Normal
Model-Selected Next Switching Point: 52
Explored Switching Point: None

--- Episode 181/927 ---
Experienced Switching Point: 52
Termination Type: Normal
Model-Selected Next Switching Point: 52
Explored Switching Point: None

--- Episode 182/927 ---
Experienced Switching Point: 52
Termination Type: Underflow
Model-Selected Next Switching Point: 52
Explored Switching Point: 53

--- Episode 183/927 ---
Experienced Switching Point: 53
Termination Type: Normal
Model-Selected Next Switching Point: 52
Explored Switching Point: None

--- Episode 184/927 ---
Experienced Switching Point: 52
Termination Type: Normal
Model-Selected Next Switching Point: 52
Explored Switching Point: 56

--- Episode 185/927 ---
Experienced Switching Point: 56
Termination Type: Normal
Model-Selected Next Switching Point: 52
Explored Switching Point: 59

--- Episode 186/927 ---
Experienced Switching Point: 59
Termination Type: Normal
Model-Selected Next Switching Point: 52
Explored Switching Point: 60

--- Episode 187/927 ---
Experienced Switching Point: 60
Termination Type: Overflow
Model-Selected Next Switching Point: 52
Explored Switching Point: None

--- Episode 188/927 ---
Experienced Switching Point: 52
Termination Type: Normal
Model-Selected Next Switching Point: 52
Explored Switching Point: None

--- Episode 189/927 ---
Experienced Switching Point: 52
Termination Type: Normal
Model-Selected Next Switching Point: 52
Explored Switching Point: 57

--- Episode 190/927 ---
Experienced Switching Point: 57
Termination Type: Normal
Model-Selected Next Switching Point: 52
Explored Switching Point: 59

--- Episode 191/927 ---
Experienced Switching Point: 59
Termination Type: Overflow
Model-Selected Next Switching Point: 52
Explored Switching Point: 63

--- Episode 192/927 ---
Experienced Switching Point: 63
Termination Type: Overflow
Model-Selected Next Switching Point: 52
Explored Switching Point: None

--- Episode 193/927 ---
Experienced Switching Point: 52
Termination Type: Normal
Model-Selected Next Switching Point: 52
Explored Switching Point: None

--- Episode 194/927 ---
Experienced Switching Point: 52
Termination Type: Normal
Model-Selected Next Switching Point: 52
Explored Switching Point: None

--- Episode 195/927 ---
Experienced Switching Point: 52
Termination Type: Normal
Model-Selected Next Switching Point: 52
Explored Switching Point: 56

--- Episode 196/927 ---
Experienced Switching Point: 56
Termination Type: Underflow
Model-Selected Next Switching Point: 52
Explored Switching Point: None

--- Episode 197/927 ---
Experienced Switching Point: 52
Termination Type: Normal
Model-Selected Next Switching Point: 52
Explored Switching Point: 55

--- Episode 198/927 ---
Experienced Switching Point: 55
Termination Type: Underflow
Model-Selected Next Switching Point: 52
Explored Switching Point: 58

--- Episode 199/927 ---
Experienced Switching Point: 58
Termination Type: Underflow
Model-Selected Next Switching Point: 52
Explored Switching Point: None

--- Episode 200/927 ---
Experienced Switching Point: 52
Termination Type: Normal
Model-Selected Next Switching Point: 52
Explored Switching Point: 55

--- Episode 201/927 ---
Experienced Switching Point: 55
Termination Type: Underflow
Model-Selected Next Switching Point: 52
Explored Switching Point: 56

--- Episode 202/927 ---
Experienced Switching Point: 56
Termination Type: Normal
Model-Selected Next Switching Point: 53
Explored Switching Point: 57

--- Episode 203/927 ---
Experienced Switching Point: 57
Termination Type: Underflow
Model-Selected Next Switching Point: 53
Explored Switching Point: None

--- Episode 204/927 ---
Experienced Switching Point: 53
Termination Type: Underflow
Model-Selected Next Switching Point: 53
Explored Switching Point: 55

--- Episode 205/927 ---
Experienced Switching Point: 55
Termination Type: Normal
Model-Selected Next Switching Point: 53
Explored Switching Point: None

--- Episode 206/927 ---
Experienced Switching Point: 53
Termination Type: Normal
Model-Selected Next Switching Point: 53
Explored Switching Point: 57

--- Episode 207/927 ---
Experienced Switching Point: 57
Termination Type: Normal
Model-Selected Next Switching Point: 53
Explored Switching Point: None

--- Episode 208/927 ---
Experienced Switching Point: 53
Termination Type: Normal
Model-Selected Next Switching Point: 53
Explored Switching Point: None

--- Episode 209/927 ---
Experienced Switching Point: 53
Termination Type: Normal
Model-Selected Next Switching Point: 53
Explored Switching Point: None

--- Episode 210/927 ---
Experienced Switching Point: 53
Termination Type: Normal
Model-Selected Next Switching Point: 53
Explored Switching Point: 54

--- Episode 211/927 ---
Experienced Switching Point: 54
Termination Type: Normal
Model-Selected Next Switching Point: 53
Explored Switching Point: 56

--- Episode 212/927 ---
Experienced Switching Point: 56
Termination Type: Normal
Model-Selected Next Switching Point: 53
Explored Switching Point: None

--- Episode 213/927 ---
Experienced Switching Point: 53
Termination Type: Normal
Model-Selected Next Switching Point: 53
Explored Switching Point: None

--- Episode 214/927 ---
Experienced Switching Point: 53
Termination Type: Normal
Model-Selected Next Switching Point: 53
Explored Switching Point: 54

--- Episode 215/927 ---
Experienced Switching Point: 54
Termination Type: Normal
Model-Selected Next Switching Point: 53
Explored Switching Point: 56

--- Episode 216/927 ---
Experienced Switching Point: 56
Termination Type: Underflow
Model-Selected Next Switching Point: 53
Explored Switching Point: None

--- Episode 217/927 ---
Experienced Switching Point: 53
Termination Type: Normal
Model-Selected Next Switching Point: 53
Explored Switching Point: None

--- Episode 218/927 ---
Experienced Switching Point: 53
Termination Type: Underflow
Model-Selected Next Switching Point: 53
Explored Switching Point: None

--- Episode 219/927 ---
Experienced Switching Point: 53
Termination Type: Normal
Model-Selected Next Switching Point: 53
Explored Switching Point: None

--- Episode 220/927 ---
Experienced Switching Point: 53
Termination Type: Underflow
Model-Selected Next Switching Point: 53
Explored Switching Point: 55

--- Episode 221/927 ---
Experienced Switching Point: 55
Termination Type: Normal
Model-Selected Next Switching Point: 53
Explored Switching Point: 56

--- Episode 222/927 ---
Experienced Switching Point: 56
Termination Type: Underflow
Model-Selected Next Switching Point: 53
Explored Switching Point: 57

--- Episode 223/927 ---
Experienced Switching Point: 57
Termination Type: Normal
Model-Selected Next Switching Point: 54
Explored Switching Point: 62

--- Episode 224/927 ---
Experienced Switching Point: 62
Termination Type: Normal
Model-Selected Next Switching Point: 54
Explored Switching Point: 63

--- Episode 225/927 ---
Experienced Switching Point: 63
Termination Type: Overflow
Model-Selected Next Switching Point: 53
Explored Switching Point: None

--- Episode 226/927 ---
Experienced Switching Point: 53
Termination Type: Underflow
Model-Selected Next Switching Point: 53
Explored Switching Point: None

--- Episode 227/927 ---
Experienced Switching Point: 53
Termination Type: Normal
Model-Selected Next Switching Point: 53
Explored Switching Point: 54

--- Episode 228/927 ---
Experienced Switching Point: 54
Termination Type: Normal
Model-Selected Next Switching Point: 54
Explored Switching Point: None

--- Episode 229/927 ---
Experienced Switching Point: 54
Termination Type: Overflow
Model-Selected Next Switching Point: 54
Explored Switching Point: 55

--- Episode 230/927 ---
Experienced Switching Point: 55
Termination Type: Underflow
Model-Selected Next Switching Point: 54
Explored Switching Point: 57

--- Episode 231/927 ---
Experienced Switching Point: 57
Termination Type: Underflow
Model-Selected Next Switching Point: 54
Explored Switching Point: None

--- Episode 232/927 ---
Experienced Switching Point: 54
Termination Type: Normal
Model-Selected Next Switching Point: 54
Explored Switching Point: 55

--- Episode 233/927 ---
Experienced Switching Point: 55
Termination Type: Normal
Model-Selected Next Switching Point: 54
Explored Switching Point: 58

--- Episode 234/927 ---
Experienced Switching Point: 58
Termination Type: Overflow
Model-Selected Next Switching Point: 54
Explored Switching Point: None

--- Episode 235/927 ---
Experienced Switching Point: 54
Termination Type: Underflow
Model-Selected Next Switching Point: 54
Explored Switching Point: None

--- Episode 236/927 ---
Experienced Switching Point: 54
Termination Type: Underflow
Model-Selected Next Switching Point: 54
Explored Switching Point: None

--- Episode 237/927 ---
Experienced Switching Point: 54
Termination Type: Normal
Model-Selected Next Switching Point: 54
Explored Switching Point: None

--- Episode 238/927 ---
Experienced Switching Point: 54
Termination Type: Normal
Model-Selected Next Switching Point: 54
Explored Switching Point: 57

--- Episode 239/927 ---
Experienced Switching Point: 57
Termination Type: Underflow
Model-Selected Next Switching Point: 54
Explored Switching Point: None

--- Episode 240/927 ---
Experienced Switching Point: 54
Termination Type: Underflow
Model-Selected Next Switching Point: 54
Explored Switching Point: 57

--- Episode 241/927 ---
Experienced Switching Point: 57
Termination Type: Normal
Model-Selected Next Switching Point: 54
Explored Switching Point: None

--- Episode 242/927 ---
Experienced Switching Point: 54
Termination Type: Normal
Model-Selected Next Switching Point: 54
Explored Switching Point: None

--- Episode 243/927 ---
Experienced Switching Point: 54
Termination Type: Normal
Model-Selected Next Switching Point: 54
Explored Switching Point: None

--- Episode 244/927 ---
Experienced Switching Point: 54
Termination Type: Normal
Model-Selected Next Switching Point: 54
Explored Switching Point: None

--- Episode 245/927 ---
Experienced Switching Point: 54
Termination Type: Overflow
Model-Selected Next Switching Point: 54
Explored Switching Point: 56

--- Episode 246/927 ---
Experienced Switching Point: 56
Termination Type: Normal
Model-Selected Next Switching Point: 54
Explored Switching Point: 58

--- Episode 247/927 ---
No available filling found for current switching point 58.
No alternative switching point found. Training is terminated.

Final Q-values written to: output/4a898446/mc_qvalue_output.txt
Target state Q-values written to: output/4a898446/target_state.txt
Best actions written to: output/4a898446/best_actions.txt
Q-value updates written to Excel at: output/4a898446/qvalue_updates.xlsx
Q-Value vs State plot is saved to: output/4a898446/qvalue_vs_state.png
Switching point trajectory_path plot is saved to: output/4a898446/switching_point_trajectory.png
HTML feature disabled.

=== Training finished at 2025-05-16 15:10:18 ===
